This is XeTeX, Version 3.1415926-2.2-0.9995.2 (TeX Live 2009) (format=xelatex 2010.3.12)  12 DEC 2018 10:54
entering extended mode
 %&-line parsing enabled.
**Thesis-mp.tex
(./Thesis-mp.tex
LaTeX2e <2009/09/24>
Babel <v3.8l> and hyphenation patterns for english, usenglishmax, dumylang, noh
yphenation, german-x-2009-06-19, ngerman-x-2009-06-19, ancientgreek, ibycus, ar
abic, basque, bulgarian, catalan, pinyin, coptic, croatian, czech, danish, dutc
h, esperanto, estonian, farsi, finnish, french, galician, german, ngerman, mono
greek, greek, hungarian, icelandic, indonesian, interlingua, irish, italian, ku
rmanji, latin, latvian, lithuanian, mongolian, mongolian2a, bokmal, nynorsk, po
lish, portuguese, romanian, russian, sanskrit, serbian, slovak, slovenian, span
ish, swedish, turkish, ukenglish, ukrainian, uppersorbian, welsh, loaded.
(/usr/local/texlivexlingpaper/2009/texmf-dist/tex/latex/base/book.cls
Document Class: book 2007/10/19 v1.4h Standard LaTeX document class
(/usr/local/texlivexlingpaper/2009/texmf-dist/tex/latex/base/bk11.clo
File: bk11.clo 2007/10/19 v1.4h Standard LaTeX file (size option)
)
\c@part=\count80
\c@chapter=\count81
\c@section=\count82
\c@subsection=\count83
\c@subsubsection=\count84
\c@paragraph=\count85
\c@subparagraph=\count86
\c@figure=\count87
\c@table=\count88
\abovecaptionskip=\skip41
\belowcaptionskip=\skip42
\bibindent=\dimen102
)
(/usr/local/texlivexlingpaper/2009/texmf-dist/tex/xelatex/xltxtra/xltxtra.sty
Package: xltxtra 2009/12/26 v0.5b Improvements for the "XeLaTeX" format

(/usr/local/texlivexlingpaper/2009/texmf-dist/tex/generic/ifxetex/ifxetex.sty
Package: ifxetex 2009/01/23 v0.5 Provides ifxetex conditional
)
(/usr/local/texlivexlingpaper/2009/texmf-dist/tex/xelatex/fontspec/fontspec.sty
Package: fontspec 2008/08/09 v1.18 Advanced font selection for XeLaTeX
\c@zf@newff=\count89
\c@zf@index=\count90
\c@zf@script=\count91
\c@zf@language=\count92
(/usr/local/texlivexlingpaper/2009/texmf-dist/tex/latex/tools/calc.sty
Package: calc 2007/08/22 v4.3 Infix arithmetic (KKT,FJ)
\calc@Acount=\count93
\calc@Bcount=\count94
\calc@Adimen=\dimen103
\calc@Bdimen=\dimen104
\calc@Askip=\skip43
\calc@Bskip=\skip44
LaTeX Info: Redefining \setlength on input line 76.
LaTeX Info: Redefining \addtolength on input line 77.
\calc@Ccount=\count95
\calc@Cskip=\skip45
)
(/usr/local/texlivexlingpaper/2009/texmf-dist/tex/latex/xkeyval/xkeyval.sty
Package: xkeyval 2008/08/13 v2.6a package option processing (HA)

(/usr/local/texlivexlingpaper/2009/texmf-dist/tex/generic/xkeyval/xkeyval.tex
\XKV@toks=\toks14
\XKV@tempa@toks=\toks15
\XKV@depth=\count96
File: xkeyval.tex 2008/08/13 v2.6a key=value parser (HA)

(/usr/local/texlivexlingpaper/2009/texmf-dist/tex/generic/xkeyval/keyval.tex)))
(/usr/local/texlivexlingpaper/2009/texmf-dist/tex/latex/base/fontenc.sty
Package: fontenc 2005/09/27 v1.99g Standard LaTeX package

(/usr/local/texlivexlingpaper/2009/texmf-dist/tex/latex/euenc/eu1enc.def
File: eu1enc.def 2010/01/28 v0.1f Experimental Unicode font encodings
)
LaTeX Font Info:    Try loading font information for EU1+lmr on input line 100.


(/usr/local/texlivexlingpaper/2009/texmf-dist/tex/latex/euenc/eu1lmr.fd
File: eu1lmr.fd 2009/10/30 v1.6 Font defs for Latin Modern
)
Font mapping `tex-text.tec' for font `[lmroman10-regular]:mapping=tex-text' not
 found.
)
LaTeX Info: Redefining \itshape on input line 1163.
LaTeX Info: Redefining \slshape on input line 1166.
LaTeX Info: Redefining \scshape on input line 1169.
LaTeX Info: Redefining \upshape on input line 1172.

fontspec.cfg loaded.

(/usr/local/texlivexlingpaper/2009/texmf-dist/tex/xelatex/fontspec/fontspec.cfg
))
(/usr/local/texlivexlingpaper/2009/texmf-dist/tex/xelatex/xunicode/xunicode.sty
File: xunicode.sty 2008/02/08 v0.91 provides access to latin accents and many o
ther characters in Unicode lower plane
) (/usr/local/texlivexlingpaper/2009/texmf-dist/tex/latex/metalogo/metalogo.sty
Package: metalogo 2009/09/04 v0.11 Extended TeX logo macros
(/usr/local/texlivexlingpaper/2009/texmf-dist/tex/latex/graphics/graphicx.sty
Package: graphicx 1999/02/16 v1.0f Enhanced LaTeX Graphics (DPC,SPQR)

(/usr/local/texlivexlingpaper/2009/texmf-dist/tex/latex/graphics/graphics.sty
Package: graphics 2009/02/05 v1.0o Standard LaTeX Graphics (DPC,SPQR)

(/usr/local/texlivexlingpaper/2009/texmf-dist/tex/latex/graphics/trig.sty
Package: trig 1999/03/16 v1.09 sin cos tan (DPC)
)
(/usr/local/texlivexlingpaper/2009/texmf-dist/tex/latex/latexconfig/graphics.cf
g
File: graphics.cfg 2009/08/28 v1.8 graphics configuration of TeX Live
)
Package graphics Info: Driver file: xetex.def on input line 91.

(/usr/local/texlivexlingpaper/2009/texmf-dist/tex/xelatex/xetex-def/xetex.def
File: xetex.def 2009/11/22 v0.94 LaTeX color/graphics driver for XeTeX (RRM/JK)

))
\Gin@req@height=\dimen105
\Gin@req@width=\dimen106
)
\xl@everylogo=\toks16
\xl@@everylogo=\toks17
LaTeX Info: Redefining \TeX on input line 193.
LaTeX Info: Redefining \LaTeX on input line 202.
LaTeX Info: Redefining \LaTeXe on input line 219.
) (/usr/local/texlivexlingpaper/2009/texmf-dist/tex/latex/etex-pkg/etex.sty
Package: etex 1998/03/26 v2.0 eTeX basic definition package (PEB)
\et@xins=\count97
)
(/usr/local/texlivexlingpaper/2009/texmf-dist/tex/latex/base/fixltx2e.sty
Package: fixltx2e 2006/09/13 v1.1m fixes to LaTeX
LaTeX Info: Redefining \em on input line 420.
)
LaTeX Info: Redefining \em on input line 51.
LaTeX Info: Redefining \emph on input line 60.
LaTeX Info: Redefining \- on input line 65.
LaTeX Info: Redefining \textsubscript on input line 84.
LaTeX Info: Redefining \textsuperscript on input line 86.
\xxt@tempbox=\box26
)
(/usr/local/texlivexlingpaper/2009/texmf-dist/tex/latex/setspace/setspace.sty
Package: setspace 2000/12/01 6.7 Contributed and Supported LaTeX2e package

Package: `setspace' 6.7 <2000/12/01>
) (/usr/local/texlivexlingpaper/2009/texmf-dist/tex/generic/ulem/ulem.sty
\UL@box=\box27
\UL@hyphenbox=\box28
\UL@skip=\skip46
\UL@hook=\toks18
\UL@pe=\count98
\UL@pixel=\dimen107
\ULC@box=\box29
Package: ulem 2010/01/21
\ULdepth=\dimen108
)
(/usr/local/texlivexlingpaper/2009/texmf-dist/tex/latex/graphics/color.sty
Package: color 2005/11/14 v1.0j Standard LaTeX Color (DPC)

(/usr/local/texlivexlingpaper/2009/texmf-dist/tex/latex/latexconfig/color.cfg
File: color.cfg 2007/01/18 v1.5 color configuration of teTeX/TeXLive
)
Package color Info: Driver file: xetex.def on input line 130.
) (/usr/local/texlivexlingpaper/2009/texmf-dist/tex/latex/colortbl/colortbl.sty
Package: colortbl 2001/02/13 v0.1j Color table columns (DPC)

(/usr/local/texlivexlingpaper/2009/texmf-dist/tex/latex/tools/array.sty
Package: array 2008/09/09 v2.4c Tabular extension package (FMi)
\col@sep=\dimen109
\extrarowheight=\dimen110
\NC@list=\toks19
\extratabsurround=\skip47
\backup@length=\skip48
)
\everycr=\toks20
\minrowclearance=\skip49
)
(/usr/local/texlivexlingpaper/2009/texmf-dist/tex/latex/tools/tabularx.sty
Package: tabularx 1999/01/07 v2.07 `tabularx' package (DPC)
\TX@col@width=\dimen111
\TX@old@table=\dimen112
\TX@old@col=\dimen113
\TX@target=\dimen114
\TX@delta=\dimen115
\TX@cols=\count99
\TX@ftn=\toks21
)
(/usr/local/texlivexlingpaper/2009/texmf-dist/tex/latex/tools/longtable.sty
Package: longtable 2004/02/01 v4.11 Multi-page Table package (DPC)
\LTleft=\skip50
\LTright=\skip51
\LTpre=\skip52
\LTpost=\skip53
\LTchunksize=\count100
\LTcapwidth=\dimen116
\LT@head=\box30
\LT@firsthead=\box31
\LT@foot=\box32
\LT@lastfoot=\box33
\LT@cols=\count101
\LT@rows=\count102
\c@LT@tables=\count103
\c@LT@chunks=\count104
\LT@p@ftn=\toks22
)
(/usr/local/texlivexlingpaper/2009/texmf-dist/tex/latex/graphics/lscape.sty
Package: lscape 2000/10/22 v3.01 Landscape Pages (DPC)
)
(/usr/local/texlivexlingpaper/2009/texmf-dist/tex/latex/multirow/multirow.sty
\bigstrutjot=\dimen117
)
(/usr/local/texlivexlingpaper/2009/texmf-dist/tex/latex/booktabs/booktabs.sty
Package: booktabs 2005/04/14 v1.61803 publication quality tables
\heavyrulewidth=\dimen118
\lightrulewidth=\dimen119
\cmidrulewidth=\dimen120
\belowrulesep=\dimen121
\belowbottomsep=\dimen122
\aboverulesep=\dimen123
\abovetopsep=\dimen124
\cmidrulesep=\dimen125
\cmidrulekern=\dimen126
\defaultaddspace=\dimen127
\@cmidla=\count105
\@cmidlb=\count106
\@aboverulesep=\dimen128
\@belowrulesep=\dimen129
\@thisruleclass=\count107
\@lastruleclass=\count108
\@thisrulewidth=\dimen130
)
(/usr/local/texlivexlingpaper/2009/texmf-dist/tex/latex/fancyhdr/fancyhdr.sty
\fancy@headwidth=\skip54
\f@ncyO@elh=\skip55
\f@ncyO@erh=\skip56
\f@ncyO@olh=\skip57
\f@ncyO@orh=\skip58
\f@ncyO@elf=\skip59
\f@ncyO@erf=\skip60
\f@ncyO@olf=\skip61
\f@ncyO@orf=\skip62
)
(/usr/local/texlivexlingpaper/2009/texmf-dist/tex/latex/hyperref/hyperref.sty
Package: hyperref 2010/03/10 v6.80m Hypertext links for LaTeX

(/usr/local/texlivexlingpaper/2009/texmf-dist/tex/generic/oberdiek/kvsetkeys.st
y
Package: kvsetkeys 2010/03/01 v1.9 Key value parser (HO)

(/usr/local/texlivexlingpaper/2009/texmf-dist/tex/generic/oberdiek/infwarerr.st
y
Package: infwarerr 2007/09/09 v1.2 Providing info/warning/message (HO)
)
(/usr/local/texlivexlingpaper/2009/texmf-dist/tex/generic/oberdiek/etexcmds.sty
Package: etexcmds 2010/01/28 v1.3 Prefix for e-TeX command names (HO)
Package etexcmds Info: Could not find \expanded.
(etexcmds)             That can mean that you are not using pdfTeX 1.50 or
(etexcmds)             that some package has redefined \expanded.
(etexcmds)             In the latter case, load this package earlier.
))
(/usr/local/texlivexlingpaper/2009/texmf-dist/tex/generic/oberdiek/pdfescape.st
y
Package: pdfescape 2010/03/01 v1.9 Provides hex, PDF name and string conversion
s (HO)

(/usr/local/texlivexlingpaper/2009/texmf-dist/tex/generic/oberdiek/pdftexcmds.s
ty
Package: pdftexcmds 2010/03/01 v0.8 Utility functions of pdfTeX for LuaTeX (HO)


(/usr/local/texlivexlingpaper/2009/texmf-dist/tex/generic/oberdiek/ifluatex.sty
Package: ifluatex 2010/03/01 v1.3 Provides the ifluatex switch (HO)
Package ifluatex Info: LuaTeX not detected.
)
(/usr/local/texlivexlingpaper/2009/texmf-dist/tex/generic/oberdiek/ltxcmds.sty
Package: ltxcmds 2010/03/09 v1.4 LaTeX kernel commands for general use (HO)
)
Package pdftexcmds Info: LuaTeX not detected.
Package pdftexcmds Info: pdfTeX >= 1.30 not detected.
Package pdftexcmds Info: \pdf@primitive is available.
Package pdftexcmds Info: \pdf@ifprimitive is available.
)) (/usr/local/texlivexlingpaper/2009/texmf-dist/tex/generic/oberdiek/ifpdf.sty
Package: ifpdf 2010/01/28 v2.1 Provides the ifpdf switch (HO)
Package ifpdf Info: pdfTeX in pdf mode not detected.
) (/usr/local/texlivexlingpaper/2009/texmf-dist/tex/generic/oberdiek/ifvtex.sty
Package: ifvtex 2010/03/01 v1.5 Switches for detecting VTeX and its modes (HO)
Package ifvtex Info: VTeX not detected.
) (/usr/local/texlivexlingpaper/2009/texmf-dist/tex/latex/oberdiek/hycolor.sty
Package: hycolor 2009/12/12 v1.6 Color options of hyperref/bookmark (HO)

(/usr/local/texlivexlingpaper/2009/texmf-dist/tex/latex/oberdiek/xcolor-patch.s
ty
Package: xcolor-patch 2009/12/12 xcolor patch
))
(/usr/local/texlivexlingpaper/2009/texmf-dist/tex/latex/oberdiek/letltxmacro.st
y
Package: letltxmacro 2008/06/24 v1.3 Let assignment for LaTeX macros (HO)
)
\@linkdim=\dimen131
\Hy@linkcounter=\count109
\Hy@pagecounter=\count110
 (/usr/local/texlivexlingpaper/2009/texmf-dist/tex/latex/hyperref/pd1enc.def
File: pd1enc.def 2010/03/10 v6.80m Hyperref: PDFDocEncoding definition (HO)
) (/usr/local/texlivexlingpaper/2009/texmf-dist/tex/generic/oberdiek/intcalc.st
y
Package: intcalc 2007/09/27 v1.1 Expandable integer calculations (HO)
)
(/usr/local/texlivexlingpaper/2009/texmf-dist/tex/xelatex/xetexconfig/hyperref.
cfg
File: hyperref.cfg 2008/07/11 v1.2 hyperref configuration for XeLaTeX
)
(/usr/local/texlivexlingpaper/2009/texmf-dist/tex/latex/oberdiek/kvoptions.sty
Package: kvoptions 2010/02/22 v3.7 Keyval support for LaTeX options (HO)
)
Package hyperref Info: Hyper figures OFF on input line 3546.
Package hyperref Info: Link nesting OFF on input line 3551.
Package hyperref Info: Hyper index ON on input line 3554.
Package hyperref Info: Plain pages OFF on input line 3561.
Package hyperref Info: Backreferencing OFF on input line 3566.
Implicit mode ON; LaTeX internals redefined
Package hyperref Info: Bookmarks ON on input line 3762.
(/usr/local/texlivexlingpaper/2009/texmf-dist/tex/latex/url/url.sty
\Urlmuskip=\muskip10
Package: url 2006/04/12  ver 3.3  Verb mode for urls, etc.
)
LaTeX Info: Redefining \url on input line 4022.

(/usr/local/texlivexlingpaper/2009/texmf-dist/tex/generic/oberdiek/bitset.sty
Package: bitset 2007/09/28 v1.0 Data type bit set (HO)

(/usr/local/texlivexlingpaper/2009/texmf-dist/tex/generic/oberdiek/bigintcalc.s
ty
Package: bigintcalc 2007/11/11 v1.1 Expandable big integer calculations (HO)
))
\Fld@menulength=\count111
\Field@Width=\dimen132
\Fld@charsize=\dimen133
\Field@toks=\toks23
Package hyperref Info: Hyper figures OFF on input line 4981.
Package hyperref Info: Link nesting OFF on input line 4986.
Package hyperref Info: Hyper index ON on input line 4989.
Package hyperref Info: backreferencing OFF on input line 4996.
Package hyperref Info: Link coloring OFF on input line 5001.
Package hyperref Info: Link coloring with OCG OFF on input line 5006.
Package hyperref Info: PDF/A mode OFF on input line 5011.
LaTeX Info: Redefining \ref on input line 5051.
LaTeX Info: Redefining \pageref on input line 5055.

(/usr/local/texlivexlingpaper/2009/texmf-dist/tex/generic/oberdiek/atbegshi.sty
Package: atbegshi 2010/03/01 v1.11 At begin shipout hook (HO)
)
\Hy@abspage=\count112
\c@Item=\count113
)
*hyperref using default driver hxetex*
(/usr/local/texlivexlingpaper/2009/texmf-dist/tex/latex/hyperref/hxetex.def
File: hxetex.def 2010/03/10 v6.80m Hyperref driver for XeTeX

(/usr/local/texlivexlingpaper/2009/texmf-dist/tex/latex/hyperref/puenc.def
File: puenc.def 2010/03/10 v6.80m Hyperref: PDF Unicode definition (HO)
)
(/usr/local/texlivexlingpaper/2009/texmf-dist/tex/generic/oberdiek/stringenc.st
y
Package: stringenc 2010/03/01 v1.8 Converts strings between encodings (HO)
)
\pdfm@box=\box34
\c@Hy@AnnotLevel=\count114
\HyField@AnnotCount=\count115
\Fld@listcount=\count116
\c@bookmark@seq@number=\count117

(/usr/local/texlivexlingpaper/2009/texmf-dist/tex/latex/oberdiek/rerunfilecheck
.sty
Package: rerunfilecheck 2010/02/22 v1.4 Rerun checks for auxiliary files (HO)
Package rerunfilecheck Info: Feature \pdfmdfivesum is not available
(rerunfilecheck)             (e.g. pdfTeX or LuaTeX with package `pdftexcmds').

(rerunfilecheck)             Therefore file contents cannot be checked efficien
tly
(rerunfilecheck)             and the loading of the package is aborted.
)
\Hy@SectionHShift=\skip63
)
Package hyperref Info: Option `colorlinks' set `true' on input line 29.
Package hyperref Info: Option `bookmarksopen' set `true' on input line 29.

(/usr/local/texlivexlingpaper/2009/texmf-dist/tex/generic/oberdiek/se-ascii-pri
nt.def
File: se-ascii-print.def 2010/03/01 v1.8 stringenc: Printable ASCII characters
)
\c@zf@famc@Charis SIL=\count118
Package fontspec Info: Defining font family for 'Charis SIL' with options [] on
 input line 56.
\c@zf@famc@Cambria Math=\count119
Package fontspec Info: Defining font family for 'Cambria Math' with options [] 
on input line 58.
Package fontspec Info: Could not resolve font Cambria Math/B (it might not exis
t) on input line 58.
Package fontspec Info: Could not resolve font Cambria Math/I (it might not exis
t) on input line 58.
Package fontspec Info: Could not resolve font Cambria Math/BI (it might not exi
st) on input line 58.
\c@zf@famc@Symbola=\count120
Package fontspec Info: Defining font family for 'Symbola' with options [] on in
put line 59.
Package fontspec Info: Could not resolve font Symbola/B (it might not exist) on
 input line 59.
Package fontspec Info: Could not resolve font Symbola/I (it might not exist) on
 input line 59.
Package fontspec Info: Could not resolve font Symbola/BI (it might not exist) o
n input line 59.
\c@zf@famc@Jomolhari=\count121
Package fontspec Info: Defining font family for 'Jomolhari' with options [] on 
input line 60.
Package fontspec Info: Could not resolve font Jomolhari/B (it might not exist) 
on input line 60.
Package fontspec Info: Could not resolve font Jomolhari/I (it might not exist) 
on input line 60.
Package fontspec Info: Could not resolve font Jomolhari/BI (it might not exist)
 on input line 60.
\c@zf@famc@SimSun=\count122
Package fontspec Info: Defining font family for 'SimSun' with options [] on inp
ut line 61.
Package fontspec Info: Could not resolve font SimSun/B (it might not exist) on 
input line 61.
Package fontspec Info: Could not resolve font SimSun/I (it might not exist) on 
input line 61.
Package fontspec Info: Could not resolve font SimSun/BI (it might not exist) on
 input line 61.
\c@zf@famc@Taviraj=\count123
Package fontspec Info: Defining font family for 'Taviraj' with options [] on in
put line 62.
\c@zf@famc@Lateef=\count124
Package fontspec Info: Defining font family for 'Lateef' with options [] on inp
ut line 63.
Package fontspec Info: Could not resolve font Lateef/B (it might not exist) on 
input line 63.
Package fontspec Info: Could not resolve font Lateef/I (it might not exist) on 
input line 63.
Package fontspec Info: Could not resolve font Lateef/BI (it might not exist) on
 input line 63.
\c@zf@famc@Cambria=\count125
Package fontspec Info: Defining font family for 'Cambria' with options [] on in
put line 65.
\c@zf@famc@Charis SIL Small Caps=\count126
Package fontspec Info: Defining font family for 'Charis SIL Small Caps' with op
tions [] on input line 66.
\c@zf@famc@Doulos SIL=\count127
Package fontspec Info: Defining font family for 'Doulos SIL' with options [] on
 input line 67.
Package fontspec Info: Could not resolve font Doulos SIL/B (it might not exist)
 on input line 67.
Package fontspec Info: Could not resolve font Doulos SIL/I (it might not exist)
 on input line 67.
Package fontspec Info: Could not resolve font Doulos SIL/BI (it might not exist
) on input line 67.
\c@zf@famc@DejaVu Serif=\count128
Package fontspec Info: Defining font family for 'DejaVu Serif' with options [] 
on input line 68.
\c@zf@famc@Courier New=\count129
Package fontspec Info: Defining font family for 'Courier New' with options [] o
n input line 69.
\c@zf@famc@Keyboard KeysEx Expanded=\count130
Package fontspec Info: Defining font family for 'Keyboard KeysEx Expanded' with
 options [] on input line 70.
Package fontspec Info: Could not resolve font Keyboard KeysEx Expanded/B (it mi
ght not exist) on input line 70.
Package fontspec Info: Could not resolve font Keyboard KeysEx Expanded/I (it mi
ght not exist) on input line 70.
Package fontspec Info: Could not resolve font Keyboard KeysEx Expanded/BI (it m
ight not exist) on input line 70.
\c@zf@famc@aa QWERTZ-Tasten=\count131
Package fontspec Info: Defining font family for 'aa QWERTZ-Tasten' with options
 [] on input line 71.
Package fontspec Info: Could not resolve font aa QWERTZ-Tasten/B (it might not 
exist) on input line 71.
Package fontspec Info: Could not resolve font aa QWERTZ-Tasten/I (it might not 
exist) on input line 71.
Package fontspec Info: Could not resolve font aa QWERTZ-Tasten/BI (it might not
 exist) on input line 71.
\c@zf@famc@Linux Biolinum Keyboard=\count132
Package fontspec Info: Defining font family for 'Linux Biolinum Keyboard' with 
options [] on input line 72.
Package fontspec Info: Could not resolve font Linux Biolinum Keyboard/B (it mig
ht not exist) on input line 72.
Package fontspec Info: Could not resolve font Linux Biolinum Keyboard/I (it mig
ht not exist) on input line 72.
Package fontspec Info: Could not resolve font Linux Biolinum Keyboard/BI (it mi
ght not exist) on input line 72.
\c@zf@famc@xkcd Script=\count133
Package fontspec Info: Defining font family for 'xkcd Script' with options [] o
n input line 73.
Package fontspec Info: Could not resolve font xkcd Script/B (it might not exist
) on input line 73.
Package fontspec Info: Could not resolve font xkcd Script/I (it might not exist
) on input line 73.
Package fontspec Info: Could not resolve font xkcd Script/BI (it might not exis
t) on input line 73.
\c@zf@famc@Taviraj Black=\count134
Package fontspec Info: Defining font family for 'Taviraj Black' with options []
 on input line 74.
Package fontspec Info: Could not resolve font Taviraj Black/B (it might not exi
st) on input line 74.
\c@zf@famc@DejaVu Sans=\count135
Package fontspec Info: Defining font family for 'DejaVu Sans' with options [] o
n input line 75.
\c@zf@famc@Times New Roman=\count136
Package fontspec Info: Defining font family for 'Times New Roman' with options 
[] on input line 76.
\XLingPaperabbrbaselineskip=\skip64
 (./Thesis-mp.aux)
\openout1 = `Thesis-mp.aux'.

LaTeX Font Info:    Checking defaults for OML/cmm/m/it on input line 85.
LaTeX Font Info:    ... okay on input line 85.
LaTeX Font Info:    Checking defaults for T1/cmr/m/n on input line 85.
LaTeX Font Info:    ... okay on input line 85.
LaTeX Font Info:    Checking defaults for OT1/cmr/m/n on input line 85.
LaTeX Font Info:    ... okay on input line 85.
LaTeX Font Info:    Checking defaults for OMS/cmsy/m/n on input line 85.
LaTeX Font Info:    ... okay on input line 85.
LaTeX Font Info:    Checking defaults for OMX/cmex/m/n on input line 85.
LaTeX Font Info:    ... okay on input line 85.
LaTeX Font Info:    Checking defaults for U/cmr/m/n on input line 85.
LaTeX Font Info:    ... okay on input line 85.
LaTeX Font Info:    Checking defaults for EU1/lmr/m/n on input line 85.
LaTeX Font Info:    ... okay on input line 85.
LaTeX Font Info:    Checking defaults for PD1/pdf/m/n on input line 85.
LaTeX Font Info:    ... okay on input line 85.
LaTeX Font Info:    Checking defaults for PU/pdf/m/n on input line 85.
LaTeX Font Info:    ... okay on input line 85.
Package fontspec Info: Adjusting the maths setup (use [no-math] to avoid this).
 on input line 85.
\symlegacymaths=\mathgroup4
LaTeX Font Info:    Overwriting symbol font `legacymaths' in version `bold'
(Font)                  OT1/cmr/m/n --> OT1/cmr/bx/n on input line 85.
LaTeX Font Info:    Redeclaring math accent \acute on input line 85.
LaTeX Font Info:    Redeclaring math accent \grave on input line 85.
LaTeX Font Info:    Redeclaring math accent \ddot on input line 85.
LaTeX Font Info:    Redeclaring math accent \tilde on input line 85.
LaTeX Font Info:    Redeclaring math accent \bar on input line 85.
LaTeX Font Info:    Redeclaring math accent \breve on input line 85.
LaTeX Font Info:    Redeclaring math accent \check on input line 85.
LaTeX Font Info:    Redeclaring math accent \hat on input line 85.
LaTeX Font Info:    Redeclaring math accent \dot on input line 85.
LaTeX Font Info:    Redeclaring math accent \mathring on input line 85.
LaTeX Font Info:    Redeclaring math symbol \colon on input line 85.
LaTeX Font Info:    Redeclaring math symbol \Gamma on input line 85.
LaTeX Font Info:    Redeclaring math symbol \Delta on input line 85.
LaTeX Font Info:    Redeclaring math symbol \Theta on input line 85.
LaTeX Font Info:    Redeclaring math symbol \Lambda on input line 85.
LaTeX Font Info:    Redeclaring math symbol \Xi on input line 85.
LaTeX Font Info:    Redeclaring math symbol \Pi on input line 85.
LaTeX Font Info:    Redeclaring math symbol \Sigma on input line 85.
LaTeX Font Info:    Redeclaring math symbol \Upsilon on input line 85.
LaTeX Font Info:    Redeclaring math symbol \Phi on input line 85.
LaTeX Font Info:    Redeclaring math symbol \Psi on input line 85.
LaTeX Font Info:    Redeclaring math symbol \Omega on input line 85.
LaTeX Font Info:    Redeclaring math symbol \mathdollar on input line 85.
LaTeX Font Info:    Redeclaring symbol font `operators' on input line 85.
LaTeX Font Info:    Encoding `OT1' has changed to `EU1' for symbol font
(Font)              `operators' in the math version `normal' on input line 85.
LaTeX Font Info:    Overwriting symbol font `operators' in version `normal'
(Font)                  OT1/cmr/m/n --> EU1/CharisSIL(0)/m/n on input line 85.
LaTeX Font Info:    Encoding `OT1' has changed to `EU1' for symbol font
(Font)              `operators' in the math version `bold' on input line 85.
LaTeX Font Info:    Overwriting symbol font `operators' in version `bold'
(Font)                  OT1/cmr/bx/n --> EU1/CharisSIL(0)/m/n on input line 85.

LaTeX Font Info:    Overwriting symbol font `operators' in version `normal'
(Font)                  EU1/CharisSIL(0)/m/n --> EU1/CharisSIL(0)/m/n on input 
line 85.
LaTeX Font Info:    Overwriting math alphabet `\mathrm' in version `normal'
(Font)                  EU1/CharisSIL(0)/m/n --> EU1/CharisSIL(0)/m/n on input 
line 85.
LaTeX Font Info:    Overwriting math alphabet `\mathit' in version `normal'
(Font)                  OT1/cmr/m/it --> EU1/CharisSIL(0)/m/it on input line 85
.
LaTeX Font Info:    Overwriting math alphabet `\mathbf' in version `normal'
(Font)                  OT1/cmr/bx/n --> EU1/CharisSIL(0)/bx/n on input line 85
.
LaTeX Font Info:    Overwriting math alphabet `\mathsf' in version `normal'
(Font)                  OT1/cmss/m/n --> EU1/lmss/m/n on input line 85.
LaTeX Font Info:    Overwriting math alphabet `\mathtt' in version `normal'
(Font)                  OT1/cmtt/m/n --> EU1/lmtt/m/n on input line 85.
LaTeX Font Info:    Overwriting symbol font `operators' in version `bold'
(Font)                  EU1/CharisSIL(0)/m/n --> EU1/CharisSIL(0)/bx/n on input
 line 85.
LaTeX Font Info:    Overwriting math alphabet `\mathrm' in version `bold'
(Font)                  EU1/CharisSIL(0)/m/n --> EU1/CharisSIL(0)/bx/n on input
 line 85.
LaTeX Font Info:    Overwriting math alphabet `\mathit' in version `bold'
(Font)                  OT1/cmr/bx/it --> EU1/CharisSIL(0)/bx/it on input line 
85.
LaTeX Font Info:    Overwriting math alphabet `\mathsf' in version `bold'
(Font)                  OT1/cmss/bx/n --> EU1/lmss/bx/n on input line 85.
LaTeX Font Info:    Overwriting math alphabet `\mathtt' in version `bold'
(Font)                  OT1/cmtt/m/n --> EU1/lmtt/bx/n on input line 85.
Package hyperref Info: Link coloring ON on input line 85.

(/usr/local/texlivexlingpaper/2009/texmf-dist/tex/latex/hyperref/nameref.sty
Package: nameref 2010/01/25 v2.36 Cross-referencing by name of section

(/usr/local/texlivexlingpaper/2009/texmf-dist/tex/latex/oberdiek/refcount.sty
Package: refcount 2008/08/11 v3.1 Data extraction from references (HO)
)
(/usr/local/texlivexlingpaper/2009/texmf-dist/tex/generic/oberdiek/gettitlestri
ng.sty
Package: gettitlestring 2009/12/18 v1.3 Cleanup title references (HO)
)
\c@section@level=\count137
)
LaTeX Info: Redefining \ref on input line 85.
LaTeX Info: Redefining \pageref on input line 85.
 (./Thesis-mp.out) (./Thesis-mp.out)
\@outlinefile=\write3
\openout3 = `Thesis-mp.out'.

\AtBeginShipoutBox=\box35
\leveloneindent=\skip65
\levelonewidth=\skip66
\leveltwoindent=\skip67
\leveltwowidth=\skip68
\levelthreeindent=\skip69
\levelthreewidth=\skip70
\levelfourindent=\skip71
\levelfourwidth=\skip72
\levelfiveindent=\skip73
\levelfivewidth=\skip74
\levelsixindent=\skip75
\levelsixwidth=\skip76
\XLingPapertempdim=\dimen134
\XLingPapertempdimletter=\dimen135
\XLingPaperpnumwidth=\skip77
\XLingPapertocrmarg=\skip78
\XLingPapertempbox=\box36
\XLingPapertemplen=\skip79
\XLingPaperavailabletablewidth=\skip80
\XLingPapertableminwidth=\skip81
\XLingPapertablemaxwidth=\skip82
\XLingPapertablewidthminustableminwidth=\skip83
\XLingPapertablemaxwidthminusminwidth=\skip84
\XLingPapertablewidthratio=\skip85
\XLingPapermincola=\skip86
\XLingPapermaxcola=\skip87
\XLingPapercolawidth=\skip88
\XLingPapermincolb=\skip89
\XLingPapermaxcolb=\skip90
\XLingPapercolbwidth=\skip91
\XLingPapermincolc=\skip92
\XLingPapermaxcolc=\skip93
\XLingPapercolcwidth=\skip94
\XLingPapermincold=\skip95
\XLingPapermaxcold=\skip96
\XLingPapercoldwidth=\skip97
\XLingPapermincole=\skip98
\XLingPapermaxcole=\skip99
\XLingPapercolewidth=\skip100
\XLingPapermincolf=\skip101
\XLingPapermaxcolf=\skip102
\XLingPapercolfwidth=\skip103
\XLingPapermincolg=\skip104
\XLingPapermaxcolg=\skip105
\XLingPapercolgwidth=\skip106
\XLingPapermincolh=\skip107
\XLingPapermaxcolh=\skip108
\XLingPapercolhwidth=\skip109
\XLingPapermincoli=\skip110
\XLingPapermaxcoli=\skip111
\XLingPapercoliwidth=\skip112
\XLingPapermincolj=\skip113
\XLingPapermaxcolj=\skip114
\XLingPapercoljwidth=\skip115
\XLingPapermincolk=\skip116
\XLingPapermaxcolk=\skip117
\XLingPapercolkwidth=\skip118
\XLingPapermincoll=\skip119
\XLingPapermaxcoll=\skip120
\XLingPapercollwidth=\skip121
\XLingPapermincolm=\skip122
\XLingPapermaxcolm=\skip123
\XLingPapercolmwidth=\skip124
\XLingPapermincoln=\skip125
\XLingPapermaxcoln=\skip126
\XLingPapercolnwidth=\skip127
\XLingPapermincolo=\skip128
\XLingPapermaxcolo=\skip129
\XLingPapercolowidth=\skip130
\XLingPapermincolp=\skip131
\XLingPapermaxcolp=\skip132
\XLingPapercolpwidth=\skip133
\XLingPapermincolq=\skip134
\XLingPapermaxcolq=\skip135
\XLingPapercolqwidth=\skip136
\XLingPapermincolr=\skip137
\XLingPapermaxcolr=\skip138
\XLingPapercolrwidth=\skip139
\XLingPapermincols=\skip140
\XLingPapermaxcols=\skip141
\XLingPapercolswidth=\skip142
\XLingPapermincolt=\skip143
\XLingPapermaxcolt=\skip144
\XLingPapercoltwidth=\skip145
\XLingPapermincolu=\skip146
\XLingPapermaxcolu=\skip147
\XLingPapercoluwidth=\skip148
\XLingPapermincolv=\skip149
\XLingPapermaxcolv=\skip150
\XLingPapercolvwidth=\skip151
\XLingPapermincolw=\skip152
\XLingPapermaxcolw=\skip153
\XLingPapercolwwidth=\skip154
\XLingPapermincolx=\skip155
\XLingPapermaxcolx=\skip156
\XLingPapercolxwidth=\skip157
\XLingPapermincoly=\skip158
\XLingPapermaxcoly=\skip159
\XLingPapercolywidth=\skip160
\XLingPapermincolz=\skip161
\XLingPapermaxcolz=\skip162
\XLingPapercolzwidth=\skip163
\XLingPaperlistinexampleindent=\skip164
\XLingPaperisocodewidth=\skip165
\XLingPaperlistitemindent=\skip166
\XLingPaperbulletlistitemwidth=\skip167
\XLingPapersingledigitlistitemwidth=\skip168
\XLingPaperdoubledigitlistitemwidth=\skip169
\XLingPapertripledigitlistitemwidth=\skip170
\XLingPapersingleletterlistitemwidth=\skip171
\XLingPaperdoubleletterlistitemwidth=\skip172
\XLingPapertripleletterlistitemwidth=\skip173
\XLingPaperromanviilistitemwidth=\skip174
\XLingPaperromanviiilistitemwidth=\skip175
\XLingPaperromanxviiilistitemwidth=\skip176
\XLingPaperspacewidth=\skip177
\XLingPapersingledigitlistofwidth=\skip178
\XLingPaperdoubledigitlistofwidth=\skip179
\XLingPapertripledigitlistofwidth=\skip180
\XLingPaperexamplefreeindent=\skip181
\XLingPaperinterwordskip=\skip182
\openout8 = `Thesis-mp.toc'.

\XLingPaperspaceneeded=\dimen136
\XLingPaperspaceavailable=\dimen137
 [1


]
\XLingPaperspaceneeded=\dimen138
\XLingPaperspaceavailable=\dimen139
\XLingPaperspaceneeded=\dimen140
\XLingPaperspaceavailable=\dimen141
\XLingPaperspaceneeded=\dimen142
\XLingPaperspaceavailable=\dimen143
\XLingPaperspaceneeded=\dimen144
\XLingPaperspaceavailable=\dimen145
 [2

]
\XLingPaperspaceneeded=\dimen146
\XLingPaperspaceavailable=\dimen147
\XLingPapertempdim=\dimen148
LaTeX Font Info:    External font `cmex10' loaded for size
(Font)              <10.95> on input line 321.
LaTeX Font Info:    External font `cmex10' loaded for size
(Font)              <8> on input line 321.
LaTeX Font Info:    External font `cmex10' loaded for size
(Font)              <6> on input line 321.
\XLingPapertempdim=\dimen149
\XLingPapertempdim=\dimen150
\XLingPapertempdim=\dimen151
\XLingPapertempdim=\dimen152
\XLingPapertempdim=\dimen153
\XLingPapertempdim=\dimen154
\XLingPapertempdim=\dimen155
\XLingPapertempdim=\dimen156
\XLingPapertempdim=\dimen157
\XLingPapertempdim=\dimen158
\XLingPapertempdim=\dimen159
\XLingPapertempdim=\dimen160
\XLingPapertempdim=\dimen161
\XLingPapertempdim=\dimen162
\XLingPapertempdim=\dimen163
\XLingPapertempdim=\dimen164
\XLingPapertempdim=\dimen165
 [3


]
\XLingPapertempdim=\dimen166
\XLingPapertempdim=\dimen167
\XLingPapertempdim=\dimen168
\XLingPapertempdim=\dimen169
\XLingPapertempdim=\dimen170
\XLingPapertempdim=\dimen171
\XLingPapertempdim=\dimen172
\XLingPapertempdim=\dimen173
\XLingPapertempdim=\dimen174
\XLingPapertempdim=\dimen175
\XLingPapertempdim=\dimen176
\XLingPapertempdim=\dimen177
\XLingPapertempdim=\dimen178
\XLingPapertempdim=\dimen179
\XLingPapertempdim=\dimen180
\XLingPapertempdim=\dimen181
\XLingPapertempdim=\dimen182
\XLingPapertempdim=\dimen183
\XLingPapertempdim=\dimen184
\XLingPapertempdim=\dimen185
\XLingPapertempdim=\dimen186
\XLingPapertempdim=\dimen187
\XLingPapertempdim=\dimen188
\XLingPapertempdim=\dimen189
 [4]
\XLingPapertempdim=\dimen190
\XLingPapertempdim=\dimen191
\XLingPapertempdim=\dimen192
\XLingPapertempdim=\dimen193
\XLingPapertempdim=\dimen194
\XLingPapertempdim=\dimen195
\XLingPapertempdim=\dimen196
\XLingPapertempdim=\dimen197
\XLingPapertempdim=\dimen198
\XLingPapertempdim=\dimen199
\XLingPapertempdim=\dimen200
\XLingPapertempdim=\dimen201
\XLingPapertempdim=\dimen202
\XLingPapertempdim=\dimen203
\XLingPapertempdim=\dimen204
\XLingPapertempdim=\dimen205
\XLingPapertempdim=\dimen206
\XLingPapertempdim=\dimen207
\XLingPapertempdim=\dimen208
 [5]
\XLingPaperspaceneeded=\dimen209
\XLingPaperspaceavailable=\dimen210
 [6

]
\XLingPaperspaceneeded=\dimen211
\XLingPaperspaceavailable=\dimen212
\XLingPapertempdim=\dimen213
\XLingPapertempdim=\dimen214
\XLingPapertempdim=\dimen215
\XLingPapertempdim=\dimen216
\XLingPapertempdim=\dimen217
\XLingPapertempdim=\dimen218
\XLingPapertempdim=\dimen219
\XLingPapertempdim=\dimen220
\XLingPapertempdim=\dimen221
\XLingPapertempdim=\dimen222
\XLingPapertempdim=\dimen223
\XLingPapertempdim=\dimen224
\XLingPapertempdim=\dimen225
 [7

]
\XLingPapertempdim=\dimen226
\XLingPapertempdim=\dimen227
\XLingPapertempdim=\dimen228
\XLingPapertempdim=\dimen229
\XLingPapertempdim=\dimen230
\XLingPapertempdim=\dimen231
\XLingPapertempdim=\dimen232
\XLingPapertempdim=\dimen233
Normal \dimen register pool exhausted, switching to extended pool.
\XLingPapertempdim=\dimen256
\XLingPapertempdim=\dimen257
\XLingPapertempdim=\dimen258
\XLingPapertempdim=\dimen259
\XLingPapertempdim=\dimen260
\XLingPapertempdim=\dimen261
\XLingPapertempdim=\dimen262
\XLingPapertempdim=\dimen263

[8]
\XLingPapertempdim=\dimen264
\XLingPapertempdim=\dimen265
\XLingPapertempdim=\dimen266
\XLingPapertempdim=\dimen267
\XLingPapertempdim=\dimen268
\XLingPapertempdim=\dimen269
\XLingPapertempdim=\dimen270
\XLingPapertempdim=\dimen271
\XLingPapertempdim=\dimen272
\XLingPapertempdim=\dimen273
\XLingPapertempdim=\dimen274
\XLingPapertempdim=\dimen275
\XLingPapertempdim=\dimen276
\XLingPapertempdim=\dimen277
\XLingPapertempdim=\dimen278
 [9]
\XLingPapertempdim=\dimen279
\XLingPapertempdim=\dimen280
\XLingPapertempdim=\dimen281
\XLingPapertempdim=\dimen282
\XLingPapertempdim=\dimen283
\XLingPapertempdim=\dimen284
\XLingPapertempdim=\dimen285
\XLingPapertempdim=\dimen286
\XLingPapertempdim=\dimen287
\XLingPapertempdim=\dimen288
\XLingPapertempdim=\dimen289
\XLingPapertempdim=\dimen290
\XLingPapertempdim=\dimen291
\XLingPapertempdim=\dimen292
\XLingPapertempdim=\dimen293
\XLingPapertempdim=\dimen294
 [10]
\XLingPapertempdim=\dimen295
\XLingPapertempdim=\dimen296
\XLingPapertempdim=\dimen297
\XLingPapertempdim=\dimen298
\XLingPapertempdim=\dimen299
\XLingPapertempdim=\dimen300
\XLingPapertempdim=\dimen301
\XLingPapertempdim=\dimen302
\XLingPapertempdim=\dimen303

Underfull \hbox (badness 10000) in paragraph at lines 664--664

 []

\XLingPaperspaceneeded=\dimen304
\XLingPaperspaceavailable=\dimen305

Overfull \hbox (2149.00957pt too wide) in paragraph at lines 666--788
[]|                                                                            
                                                                               
                                                                               
                                                                               
                                                                               
                                                                               
                                                                               
                                                                               
                                                                               
                                                                               
                                                                               
                                                                               
                                                                               
                                                                               
                                                                               
         
 []

[11] [12]
Underfull \hbox (badness 10000) in paragraph at lines 850--850

 []

[13] [14]
\XLingPaperspaceneeded=\dimen306
\XLingPaperspaceavailable=\dimen307
\XLingPapertempdim=\dimen308
LaTeX Font Info:    External font `cmex10' loaded for size
(Font)              <9> on input line 890.
LaTeX Font Info:    External font `cmex10' loaded for size
(Font)              <5> on input line 890.
\XLingPapertempdim=\dimen309
\XLingPapertempdim=\dimen310
\XLingPapertempdim=\dimen311
\XLingPapertempdim=\dimen312
\XLingPapertempdim=\dimen313
\XLingPapertempdim=\dimen314
\XLingPapertempdim=\dimen315
\XLingPapertempdim=\dimen316
\XLingPapertempdim=\dimen317
\XLingPapertempdim=\dimen318
\XLingPapertempdim=\dimen319
\XLingPapertempdim=\dimen320
 [15

]
\XLingPapertempdim=\dimen321
 [16]
\XLingPaperspaceneeded=\dimen322
\XLingPaperspaceavailable=\dimen323
\XLingPapertempdim=\dimen324
\XLingPapertempdim=\dimen325
\XLingPapertempdim=\dimen326
 [17

]
\XLingPaperspaceneeded=\dimen327
\XLingPaperspaceavailable=\dimen328
 [18

]
\XLingPaperspaceneeded=\dimen329
\XLingPaperspaceavailable=\dimen330
\XLingPaperspaceneeded=\dimen331
\XLingPaperspaceavailable=\dimen332
 [1

] [2] [3]
Underfull \hbox (badness 4193) in paragraph at lines 969--969
[][][] \zf@basefont The Unicode [][]CLDR[][] provides key building blocks for s
oftware to support the world's lan-
 []


Underfull \hbox (badness 1983) in paragraph at lines 969--969
\zf@basefont guages. This data is used by a wide spectrum of companies for thei
r software internationaliza-
 []


Underfull \hbox (badness 1629) in paragraph at lines 969--969
\zf@basefont software tasks. At the time of writing only population, literacy, 
and population percentage data
 []


Underfull \hbox (badness 1655) in paragraph at lines 969--969
\zf@basefont for Dan exists in [][]CLDR[][]. [][]CLDR[][] also suggests that th
e likely [][]CLDR[][] sub-tag would be: dnj_Latn_CI.
 []

[4]
Overfull \hbox (18.0675pt too wide) in paragraph at lines 969--970
 [][] 
 []

[5] [6]
\XLingPaperspaceneeded=\dimen333
\XLingPaperspaceavailable=\dimen334
 [7] [8]
\XLingPaperspaceneeded=\dimen335
\XLingPaperspaceavailable=\dimen336
 [9] [10] [11]
\XLingPaperspaceneeded=\dimen337
\XLingPaperspaceavailable=\dimen338

Underfull \vbox (badness 10000) detected at line 1004
 []

[12]
\XLingPaperspaceneeded=\dimen339
\XLingPaperspaceavailable=\dimen340
 [13]
\XLingPaperspaceneeded=\dimen341
\XLingPaperspaceavailable=\dimen342
 [14] [15]
\XLingPaperspaceneeded=\dimen343
\XLingPaperspaceavailable=\dimen344
\XLingPapertempdim=\dimen345
\XLingPapertempdim=\dimen346
\XLingPapertempdim=\dimen347
\XLingPapertempdim=\dimen348
\XLingPapertempdim=\dimen349
 [16]
\XLingPaperspaceneeded=\dimen350
\XLingPaperspaceavailable=\dimen351
\XLingPaperspaceneeded=\dimen352
\XLingPaperspaceavailable=\dimen353

Overfull \hbox (23.8092pt too wide) in paragraph at lines 1056--1056
\MainFont (drawing letters), Computer Science (programming), and Linguistics (o
rthography, graphemics,
 []

[17] [18] [19] [20] [21] [22]
\XLingPaperspaceneeded=\dimen354
\XLingPaperspaceavailable=\dimen355
Missing character: There is no ่ in font Charis SIL/ICU!
Missing character: There is no ้ in font Charis SIL/ICU!
Missing character: There is no ๊ in font Charis SIL/ICU!
Missing character: There is no ๋ in font Charis SIL/ICU!

Overfull \hbox (12.47636pt too wide) in paragraph at lines 1067--1089
[]|                                                                            
                                                                               
                                     
 []


Overfull \hbox (15.02394pt too wide) in alignment at lines 1091--1092
[] [] [] 
 []


Overfull \hbox (15.02394pt too wide) in alignment at lines 1092--1096
[] [] [] 
 []

LaTeX Font Info:    Font shape `EU1/SimSun(0)/m/it' undefined
(Font)              using `EU1/SimSun(0)/m/n' instead on input line 1098.
LaTeX Font Info:    Font shape `EU1/Jomolhari(0)/m/it' undefined
(Font)              using `EU1/Jomolhari(0)/m/n' instead on input line 1098.
Missing character: There is no ⟩ in font Jomolhari/ICU!
\XLingPapertempdim=\dimen356
\XLingPapertempdim=\dimen357
[23]
\XLingPaperspaceneeded=\dimen358
\XLingPaperspaceavailable=\dimen359
LaTeX Font Info:    Font shape `EU1/xkcdScript(0)/bx/n' undefined
(Font)              using `EU1/xkcdScript(0)/m/n' instead on input line 1106.

Overfull \hbox (1.23923pt too wide) in paragraph at lines 1121--1121
[]|[]|  
 []


Overfull \hbox (11.65361pt too wide) in paragraph at lines 1121--1121
[]|[]|  
 []


Overfull \hbox (9.80461pt too wide) in paragraph at lines 1121--1121
[]|[]|  
 []

[24] [25] [26]
Overfull \hbox (0.75995pt too wide) in paragraph at lines 1124--1124
[]\MainFont Blockquote from http://www.unicode.org/versions/Unicode11.0.0/ch06.
pdf#G7382
 []

[27] [28]
\XLingPaperspaceneeded=\dimen360
\XLingPaperspaceavailable=\dimen361
\XLingPaperspaceneeded=\dimen362
\XLingPaperspaceavailable=\dimen363
\XLingPaperspaceneeded=\dimen364
\XLingPaperspaceavailable=\dimen365

Underfull \hbox (badness 10000) in paragraph at lines 1143--1144

 []

\XLingPaperspaceneeded=\dimen366
\XLingPaperspaceavailable=\dimen367
[29]
\XLingPaperspaceneeded=\dimen368
\XLingPaperspaceavailable=\dimen369
\XLingPaperspaceneeded=\dimen370
\XLingPaperspaceavailable=\dimen371
 [30]
\XLingPaperspaceneeded=\dimen372
\XLingPaperspaceavailable=\dimen373
\XLingPapertempdim=\dimen374
\XLingPapertempdim=\dimen375

Overfull \hbox (5.27426pt too wide) in paragraph at lines 1166--1166
 [][] [][]\MainFont include how close to a one-to-one ratio exists in the syste
m when comparing phoneme-
 []

\XLingPapertempdim=\dimen376
[31] [32]
\XLingPaperspaceneeded=\dimen377
\XLingPaperspaceavailable=\dimen378
 [33]
\XLingPaperspaceneeded=\dimen379
\XLingPaperspaceavailable=\dimen380
\XLingPaperspaceneeded=\dimen381
\XLingPaperspaceavailable=\dimen382

Overfull \hbox (13.05566pt too wide) in paragraph at lines 1182--1182
[][][]\MainFont Bailey (2007)[][] and many of the SIL Keyman keyboards, such as
 the one for SIL Cameroon,[]
 []

[34

] [35]
\XLingPaperspaceneeded=\dimen383
\XLingPaperspaceavailable=\dimen384
 [36] [37] [38] [39]
\XLingPaperspaceneeded=\dimen385
\XLingPaperspaceavailable=\dimen386
\XLingPaperspaceneeded=\dimen387
\XLingPaperspaceavailable=\dimen388
 [40]
\XLingPaperspaceneeded=\dimen389
\XLingPaperspaceavailable=\dimen390
 [41]
\XLingPaperspaceneeded=\dimen391
\XLingPaperspaceavailable=\dimen392
 [42]
\XLingPaperspaceneeded=\dimen393
\XLingPaperspaceavailable=\dimen394

Overfull \hbox (85.19121pt too wide) in paragraph at lines 1257--1282
[]|                                                                            
                                                                               
                                                                       
 []


Overfull \hbox (24.11536pt too wide) in paragraph at lines 1292--1292
\MainFont quadratischer Zuordnungsprobleme, Zeitschrift f¨ur Operations Resear
ch 21, 1977, B121–B132,
 []

[43]
\XLingPaperspaceneeded=\dimen395
\XLingPaperspaceavailable=\dimen396
 [44]
\XLingPaperspaceneeded=\dimen397
\XLingPaperspaceavailable=\dimen398
 [45] [46]
\XLingPaperspaceneeded=\dimen399
\XLingPaperspaceavailable=\dimen400
\XLingPaperspaceneeded=\dimen401
\XLingPaperspaceavailable=\dimen402
 [47]
\XLingPaperspaceneeded=\dimen403
\XLingPaperspaceavailable=\dimen404
 [48] [49]
\XLingPaperspaceneeded=\dimen405
\XLingPaperspaceavailable=\dimen406
 [50] [51]
\XLingPaperspaceneeded=\dimen407
\XLingPaperspaceavailable=\dimen408
\XLingPaperspaceneeded=\dimen409
\XLingPaperspaceavailable=\dimen410

Overfull \hbox (10.68648pt too wide) in paragraph at lines 1356--1356
[][][] \zf@basefont Some issues of the newspaper are downloadable from http://m
andelang.kunstkamera.ru/files/mandelang/*.
 []


Underfull \hbox (badness 10000) in paragraph at lines 1356--1356
\zf@basefont There does not seem to be a list of PDFs. But by altering the file
 name between
 []


Underfull \hbox (badness 3138) in paragraph at lines 1356--1356
\EU1/CharisSIL(0)/m/it/9 gweta10.pdf \zf@basefont and \EU1/CharisSIL(0)/m/it/9 
gweta39.pdf \zf@basefont one can find many of the issues used to create the cor
pus. eg.
 []

[52

] [53]
Overfull \hbox (14.05351pt too wide) in paragraph at lines 1357--1357
\MainFont & Vydrin (submitted))[][], orthography testing [][](Vydrin & Roberts 
(submitted)[][]; [][]Roberts, Basnight-
 []

[54]
\XLingPaperspaceneeded=\dimen411
\XLingPaperspaceavailable=\dimen412

Overfull \hbox (3.8742pt too wide) in paragraph at lines 1361--1361
[]|\EU1/CharisSIL(0)/bx/n/10.95 Version|  
 []


Underfull \hbox (badness 10000) in paragraph at lines 1384--1384
[][][] \zf@basefont For a complete comparison consult the description at the on
line Eastern Dan corpus:
 []

[55] [56]
\XLingPaperspaceneeded=\dimen413
\XLingPaperspaceavailable=\dimen414
\XLingPaperspaceneeded=\dimen415
\XLingPaperspaceavailable=\dimen416
\XLingPaperspaceneeded=\dimen417
\XLingPaperspaceavailable=\dimen418
 [57]
\XLingPaperspaceneeded=\dimen419
\XLingPaperspaceavailable=\dimen420
\XLingPaperspaceneeded=\dimen421
\XLingPaperspaceavailable=\dimen422

Overfull \hbox (621.99785pt too wide) in paragraph at lines 1402--1454
[]|                                                                            
                                                                               
                                                                               
                                                                               
                                                                               
                                                                               
      
 []

\XLingPaperspaceneeded=\dimen423
\XLingPaperspaceavailable=\dimen424
\XLingPaperspaceneeded=\dimen425
\XLingPaperspaceavailable=\dimen426

Overfull \hbox (288.36504pt too wide) in paragraph at lines 1470--1506
[]|                                                                            
                                                                               
                                                                               
                                                                               
        
 []

[58]
\XLingPaperspaceneeded=\dimen427
\XLingPaperspaceavailable=\dimen428

Overfull \hbox (288.36504pt too wide) in paragraph at lines 1519--1555
[]|                                                                            
                                                                               
                                                                               
                                                                               
        
 []

[59]
\XLingPaperspaceneeded=\dimen429
\XLingPaperspaceavailable=\dimen430

Overfull \hbox (311.89043pt too wide) in paragraph at lines 1568--1605
[]|                                                                            
                                                                               
                                                                               
                                                                               
                   
 []

\XLingPaperspaceneeded=\dimen431
\XLingPaperspaceavailable=\dimen432
\XLingPaperspaceneeded=\dimen433
\XLingPaperspaceavailable=\dimen434
[60]
\XLingPaperspaceneeded=\dimen435
\XLingPaperspaceavailable=\dimen436
\XLingPaperspaceneeded=\dimen437
\XLingPaperspaceavailable=\dimen438

Overfull \hbox (27.16437pt too wide) in alignment at lines 1632--1633
[] [] [] [] 
 []


Overfull \hbox (27.16437pt too wide) in alignment at lines 1633--1652
[] [] [] [] 
 []


Overfull \hbox (27.16437pt too wide) in alignment at lines 1652--1672
[] [] [] [] 
 []


Overfull \hbox (27.16437pt too wide) in alignment at lines 1672--1679
[] [] [] [] 
 []

[61] [62]
\XLingPaperspaceneeded=\dimen439
\XLingPaperspaceavailable=\dimen440
\XLingPaperspaceneeded=\dimen441
\XLingPaperspaceavailable=\dimen442

Overfull \hbox (778.1209pt too wide) in paragraph at lines 1686--1744
[]|                                                                            
                                                                               
                                                                               
                                                                               
                                                                               
                                                                               
                                                                               

 []

[63]
\XLingPaperspaceneeded=\dimen443
\XLingPaperspaceavailable=\dimen444
\XLingPaperspaceneeded=\dimen445
\XLingPaperspaceavailable=\dimen446
 [64]
\XLingPaperspaceneeded=\dimen447
\XLingPaperspaceavailable=\dimen448
 [65] [66]
\XLingPaperspaceneeded=\dimen449
\XLingPaperspaceavailable=\dimen450
\XLingPaperspaceneeded=\dimen451
\XLingPaperspaceavailable=\dimen452
 [67]
\XLingPaperspaceneeded=\dimen453
\XLingPaperspaceavailable=\dimen454

Overfull \hbox (5513.14043pt too wide) in paragraph at lines 1828--2111
[]|                                                                            
                                                                               
                                                                               
                                                                               
                                                                               
                                                                               
                                                                               
                                                                               
                                                                               
                                                                               
                                                                               
                                                                               
                                                                               
                                                                               
                                                                               
                                                                               
                                                                               
                                                                               
                                                                               
                                                                               
                                                                               
                                                                               
                                                                               
                                                                               
                                                                               
                                                                               
                                                                               
                                                                               
                                                                               
                                                                               
                                                                               
                                                                               
                                                                               
                                                                               
                                                                               
  
 []

\XLingPaperspaceneeded=\dimen455
\XLingPaperspaceavailable=\dimen456
[68]
\XLingPaperspaceneeded=\dimen457
\XLingPaperspaceavailable=\dimen458

Overfull \hbox (121.54863pt too wide) in paragraph at lines 2150--2178
[]|                                                                            
                                                                               
                                                                               
         
 []

[69]
\XLingPapertempdim=\dimen459
\XLingPapertempdim=\dimen460
\XLingPapertempdim=\dimen461
\XLingPapertempdim=\dimen462
 [70]
\XLingPaperspaceneeded=\dimen463
\XLingPaperspaceavailable=\dimen464
\XLingPaperspaceneeded=\dimen465
\XLingPaperspaceavailable=\dimen466

Overfull \hbox (410.26933pt too wide) in paragraph at lines 2215--2255
[]|                                                                            
                                                                               
                                                                               
                                                                               
                                                                 
 []

[71] [72] [73] [74]
\XLingPaperspaceneeded=\dimen467
\XLingPaperspaceavailable=\dimen468
 [75]
\XLingPaperspaceneeded=\dimen469
\XLingPaperspaceavailable=\dimen470

Overfull \hbox (1590.81621pt too wide) in paragraph at lines 2275--2372
[]|                                                                            
                                                                               
                                                                               
                                                                               
                                                                               
                                                                               
                                                                               
                                                                               
                                                                               
                                                                               
                                                                               
                                                                
 []

\XLingPaperspaceneeded=\dimen471
\XLingPaperspaceavailable=\dimen472
[76]
\XLingPapertempdim=\dimen473
\XLingPapertempdim=\dimen474
\XLingPapertempdim=\dimen475
\XLingPapertempdim=\dimen476
\XLingPapertempdim=\dimen477
\XLingPapertempdim=\dimen478
\XLingPapertempdim=\dimen479
\XLingPaperspaceneeded=\dimen480
\XLingPaperspaceavailable=\dimen481
 [77]
\XLingPaperspaceneeded=\dimen482
\XLingPaperspaceavailable=\dimen483
 [78]
\XLingPaperspaceneeded=\dimen484
\XLingPaperspaceavailable=\dimen485

Overfull \hbox (1000.54277pt too wide) in paragraph at lines 2443--2510
[]|                                                                            
                                                                               
                                                                               
                                                                               
                                                                               
                                                                               
                                                                               
                                                                               
                         
 []


Overfull \hbox (9.50781pt too wide) in paragraph at lines 2526--2526
[]|\zf@basefont Abbreviations[]| 
 []

[79]
\XLingPaperspaceneeded=\dimen486
\XLingPaperspaceavailable=\dimen487
\XLingPaperspaceneeded=\dimen488
\XLingPaperspaceavailable=\dimen489
\XLingPaperspaceneeded=\dimen490
\XLingPaperspaceavailable=\dimen491
 [80]
Overfull \hbox (121.54863pt too wide) in paragraph at lines 2569--2597
[]|                                                                            
                                                                               
                                                                               
         
 []

\XLingPaperspaceneeded=\dimen492
\XLingPaperspaceavailable=\dimen493

Overfull \hbox (85.19121pt too wide) in paragraph at lines 2614--2639
[]|                                                                            
                                                                               
                                                                       
 []


Overfull \hbox (23.26385pt too wide) in alignment at lines 2641--2642
[] [] [] 
 []


Overfull \hbox (23.26385pt too wide) in alignment at lines 2642--2647
[] [] [] 
 []

\XLingPaperspaceneeded=\dimen494
\XLingPaperspaceavailable=\dimen495

Overfull \hbox (356.80254pt too wide) in paragraph at lines 2651--2688
[]|                                                                            
                                                                               
                                                                               
                                                                               
                                        
 []


Overfull \hbox (12.88211pt too wide) in paragraph at lines 2690--2690
[]|\EU1/CharisSIL(0)/bx/n/10.95 Glyphs| 
 []


Underfull \hbox (badness 5133) in paragraph at lines 2691--2691
[]|\zf@basefont Main / stan-
 []

\XLingPaperspaceneeded=\dimen496
\XLingPaperspaceavailable=\dimen497
[81]
Overfull \hbox (356.80254pt too wide) in paragraph at lines 2704--2741
[]|                                                                            
                                                                               
                                                                               
                                                                               
                                        
 []


Overfull \hbox (12.88211pt too wide) in paragraph at lines 2743--2743
[]|\EU1/CharisSIL(0)/bx/n/10.95 Glyphs| 
 []


Underfull \hbox (badness 5133) in paragraph at lines 2744--2744
[]|\zf@basefont Main / stan-
 []

\XLingPaperspaceneeded=\dimen498
\XLingPaperspaceavailable=\dimen499

Overfull \hbox (121.54863pt too wide) in paragraph at lines 2757--2782
[]|                                                                            
                                                                               
                                                                               
         
 []


Overfull \hbox (12.0pt too wide) in paragraph at lines 2785--2785
[]|\zf@basefont a b ɓ c d ɗ e f g h i j k ƙ l m n o r s 
{sh} t {ts} u w y {ʼy} z ʼ| 
 []

[82]
\XLingPaperspaceneeded=\dimen500
\XLingPaperspaceavailable=\dimen501
\XLingPaperspaceneeded=\dimen502
\XLingPaperspaceavailable=\dimen503

Overfull \hbox (3.13171pt too wide) in paragraph at lines 2800--2801
 [][] 
 []

\XLingPaperspaceneeded=\dimen504
\XLingPaperspaceavailable=\dimen505
[83

] [84]
\XLingPaperspaceneeded=\dimen506
\XLingPaperspaceavailable=\dimen507

Overfull \hbox (296.91972pt too wide) in paragraph at lines 2807--2843
[]|                                                                            
                                                                               
                                                                               
                                                                               
            
 []

[85]
\XLingPaperspaceneeded=\dimen508
\XLingPaperspaceavailable=\dimen509
\XLingPaperspaceneeded=\dimen510
\XLingPaperspaceavailable=\dimen511

Overfull \hbox (83.05254pt too wide) in paragraph at lines 2861--2887
[]|                                                                            
                                                                               
                                                                      
 []

[86]
\XLingPaperspaceneeded=\dimen512
\XLingPaperspaceavailable=\dimen513
 [87]
LaTeX Font Info:    Font shape `EU1/Lateef(0)/m/it' undefined
(Font)              using `EU1/Lateef(0)/m/n' instead on input line 2904.
 [88]
\XLingPaperspaceneeded=\dimen514
\XLingPaperspaceavailable=\dimen515
\XLingPaperspaceneeded=\dimen516
\XLingPaperspaceavailable=\dimen517
\XLingPaperspaceneeded=\dimen518
\XLingPaperspaceavailable=\dimen519

Overfull \hbox (1650.69902pt too wide) in paragraph at lines 2914--3013
[]|                                                                            
                                                                               
                                                                               
                                                                               
                                                                               
                                                                               
                                                                               
                                                                               
                                                                               
                                                                               
                                                                               
                                                                               
             
 []

[89

] [90]
\XLingPaperspaceneeded=\dimen520
\XLingPaperspaceavailable=\dimen521
\XLingPaperspaceneeded=\dimen522
\XLingPaperspaceavailable=\dimen523
\XLingPaperspaceneeded=\dimen524
\XLingPaperspaceavailable=\dimen525

Overfull \hbox (16.06pt too wide) in paragraph at lines 3076--3077
 [][] 
 []

[91

] [92]
\XLingPaperspaceneeded=\dimen526
\XLingPaperspaceavailable=\dimen527
\XLingPaperspaceneeded=\dimen528
\XLingPaperspaceavailable=\dimen529
\XLingPaperspaceneeded=\dimen530
\XLingPaperspaceavailable=\dimen531
\XLingPaperspaceneeded=\dimen532
\XLingPaperspaceavailable=\dimen533
 [93

]
\XLingPaperspaceneeded=\dimen534
\XLingPaperspaceavailable=\dimen535
\XLingPaperspaceneeded=\dimen536
\XLingPaperspaceavailable=\dimen537
\XLingPaperspaceneeded=\dimen538
\XLingPaperspaceavailable=\dimen539
 [94]
\XLingPaperspaceneeded=\dimen540
\XLingPaperspaceavailable=\dimen541
\XLingPaperspaceneeded=\dimen542
\XLingPaperspaceavailable=\dimen543
 [95]
\XLingPaperspaceneeded=\dimen544
\XLingPaperspaceavailable=\dimen545
 [96


]
\XLingPaperspaceneeded=\dimen546
\XLingPaperspaceavailable=\dimen547
\XLingPaperspaceneeded=\dimen548
\XLingPaperspaceavailable=\dimen549
 [97

] [98

]
Overfull \vbox (31.62782pt too high) has occurred while \output is active []


[99]
\XLingPaperspaceneeded=\dimen550
\XLingPaperspaceavailable=\dimen551
\XLingPaperspaceneeded=\dimen552
\XLingPaperspaceavailable=\dimen553
 [100


] [101] [102] [103] [104] [105] [106] [107]
\XLingPaperspaceneeded=\dimen554
\XLingPaperspaceavailable=\dimen555
\XLingPaperspaceneeded=\dimen556
\XLingPaperspaceavailable=\dimen557
\XLingPaperspaceneeded=\dimen558
\XLingPaperspaceavailable=\dimen559
 [108

]
\XLingPaperspaceneeded=\dimen560
\XLingPaperspaceavailable=\dimen561

Overfull \hbox (91.60722pt too wide) in paragraph at lines 3394--3420
[]|                                                                            
                                                                               
                                                                          
 []

\XLingPapertempdim=\dimen562
\XLingPapertempdim=\dimen563
\XLingPapertempdim=\dimen564
\XLingPapertempdim=\dimen565
\XLingPapertempdim=\dimen566
\XLingPapertempdim=\dimen567
[109]
\XLingPapertempdim=\dimen568
\XLingPapertempdim=\dimen569
\XLingPaperspaceneeded=\dimen570
\XLingPaperspaceavailable=\dimen571
\XLingPaperspaceneeded=\dimen572
\XLingPaperspaceavailable=\dimen573
 [110]
Overfull \hbox (44.39934pt too wide) in paragraph at lines 3484--3486
\MainFont 21st century. Brest, France, 14 June 2018. [][][]https://www.youtube.
com/ watch?v=W5Pir6cPoQs[][][] 
 []

[111]
Overfull \hbox (171.56445pt too wide) in paragraph at lines 3499--3501
\MainFont Osborn, Don. 2014-09-22. "Pamɛbhamɛ" article on ebola. Beyond Niame
y. [][][]http://niamey.blogspot.com/2014/09/pambham-
 []


Overfull \hbox (15.98993pt too wide) in paragraph at lines 3505--3507
\EU1/CharisSIL(0)/m/it/10.95 Dan-Gwèètaa\MainFont ]. In В. Б. Касеви
 [Vadim Kasevich], \EU1/CharisSIL(0)/m/it/10.95 Грамматика и сем
антика восточного
 []


Overfull \hbox (6.94646pt too wide) in paragraph at lines 3514--3516
\MainFont Vydrin, Valentin [Выдрин, Валентин Феодосьеви
ч]. 2009. \EU1/CharisSIL(0)/m/it/10.95 Морфология прилагате
льных
 []


Overfull \hbox (33.28157pt too wide) in paragraph at lines 3514--3516
\zf@basefont Mande)]. \EU1/CharisSIL(0)/m/it/10.95 Вестник Санкт-П
етербургского университета: Востоковедени
е Африканистика
 []


Overfull \hbox (189.3047pt too wide) in paragraph at lines 3514--3516
\EU1/CharisSIL(0)/m/it/10.95 [Bulletin of St. Petersburg University: Oriental &
 African Studies] \zf@basefont 13\MainFont (2). \zf@basefont 120-40.  [][][]\Ma
inFont https://cyberleninka.ru/article/n/morfologiya-
 []

[112]
Overfull \hbox (44.8702pt too wide) in paragraph at lines 3523--3525
\MainFont Académie des sciences de la Russie — Nestor-Istoria. [][][]https:/
/halshs.archives-ouvertes.fr/halshs-
 []

[113]
Overfull \hbox (1.87123pt too wide) in paragraph at lines 3550--3552
\EU1/CharisSIL(0)/m/it/10.95 "Gwєєtaawʋ (Yacouba) de Côte d’Ivoire. \Main
Font 1st edn. Abidjan, Côte d’Ivoire: Société Biblique
 []

[114]
\XLingPaperspaceneeded=\dimen574
\XLingPaperspaceavailable=\dimen575

Overfull \hbox (96.6429pt too wide) in paragraph at lines 3571--3573
\EU1/CharisSIL(0)/m/it/10.95 guages of the world. \MainFont 21st edn. Dallas, T
exas: SIL International. [][][]https://www.ethnologue.com/language/dnj[][][] 
 []


Overfull \hbox (116.36018pt too wide) in paragraph at lines 3577--3579
\EU1/CharisSIL(0)/m/it/10.95 guages of the world. \MainFont 20th edn. Dallas, T
exas: SIL International. [][][]https://www.ethnologue.com/20/language/dnj[][][]
 
 []

[115]
Overfull \hbox (208.5746pt too wide) in paragraph at lines 3595--3597
\zf@basefont reduplication of adjectives in Mande Languages]. \EU1/CharisSIL(0)
/m/it/10.95 Mandenkan \zf@basefont 39. 61-67.  [][][]\MainFont http://llacan.vj
f.cnrs.fr/PDF/Mandenkan39/39vydr.pdf[][][] 
 []


Overfull \hbox (25.22331pt too wide) in paragraph at lines 3598--3600
\EU1/CharisSIL(0)/m/it/10.95 Reports (SILER) \zf@basefont 2000-003. \MainFont S
IL International. [][][]https://www.sil.org/resources/archives/9019[][][] 
 []


Overfull \hbox (116.08073pt too wide) in paragraph at lines 3613--3615
\zf@basefont of Literature in a Neoliterate Society. \EU1/CharisSIL(0)/m/it/10.
95 Journal of Reading \zf@basefont 27\MainFont (1). \zf@basefont 16-21.  [][][]
\MainFont http://www.jstor.org/stable/40029291[][][] 
 []


Overfull \hbox (142.82828pt too wide) in paragraph at lines 3616--3618
\zf@basefont of literature in a Neoliterate society. \EU1/CharisSIL(0)/m/it/10.
95 Notes on Scripture in Use \zf@basefont 5. 3-14.  [][][]\MainFont https://www
.sil.org/resources/archives/5982[][][] 
 []

[116]
Overfull \hbox (15.7553pt too wide) in paragraph at lines 3649--3651
\MainFont Congress. Accra, 21st - 27th March 1972. [][][]https://www.sil.org/re
sources/archives/76376[][][] 
 []

[117] [118]
Overfull \hbox (196.40488pt too wide) in paragraph at lines 3691--3693
\MainFont Delafosse, Maurice. 1912. \EU1/CharisSIL(0)/m/it/10.95 Haut-Sénégal
-Niger. \MainFont Paris: G.P. Maisonneuve et Larose. [][][]https://gallica.bnf.
fr/ark:/12148/bpt6k103554s[][][] 
 []

\XLingPaperspaceneeded=\dimen576
\XLingPaperspaceavailable=\dimen577

Overfull \hbox (46.2719pt too wide) in paragraph at lines 3715--3717
\MainFont R., \EU1/CharisSIL(0)/m/it/10.95 Typology of Writing Systems, \MainFo
nt 85-111. Amsterdam: John Benjamins. doi:[][]10.1075/bct.51.05rob[][] 
 []

[119]
Overfull \hbox (3.71439pt too wide) in paragraph at lines 3721--3723
\EU1/CharisSIL(0)/m/it/10.95 guistiques MANDE \zf@basefont 41. 41-61.  [][][]\M
ainFont http://llacan.vjf.cnrs.fr/PDF/Mandenkan41/41erma.pdf[][][] 
 []


Overfull \hbox (22.56046pt too wide) in paragraph at lines 3742--3744
\MainFont Les Nouvelles Éditions Africaines ; EDICEF. [][][]https://www.sil.or
g/resources/archives/34569[][][] 
 []

[120]
Overfull \hbox (2.44122pt too wide) in paragraph at lines 3760--3762
\MainFont Bolli, Margrit. 1973. Analyse prosodique de quelques traits phonologi
ques en Dan (Blossé).
 []

\XLingPaperspaceneeded=\dimen578
\XLingPaperspaceavailable=\dimen579

Overfull \hbox (166.5922pt too wide) in paragraph at lines 3775--3777
\zf@basefont ography. \EU1/CharisSIL(0)/m/it/10.95 Liberian Studies Journal \zf
@basefont 15\MainFont (1). \zf@basefont 108-26.  [][][]\MainFont https://schola
rworks.iu.edu/journals/index.php/lsj/article/view/4124[][][] 
 []

[121]
Overfull \hbox (148.24774pt too wide) in paragraph at lines 3784--3786
\zf@basefont Liberia. \EU1/CharisSIL(0)/m/it/10.95 Liberian Studies Journal \zf
@basefont 2\MainFont (1). \zf@basefont 41-44.  [][][]\MainFont https://scholarw
orks.iu.edu/journals/index.php/lsj/article/view/4100[][][] 
 []


Overfull \hbox (174.98782pt too wide) in paragraph at lines 3787--3789
\EU1/CharisSIL(0)/m/it/10.95 cal materials and tapes. \MainFont Hartford, Conne
cticut: U.S. Office of Education. [][][]https://archive.org/details/giostructur
alstu00kenn[][][] 
 []

\XLingPaperspaceneeded=\dimen580
\XLingPaperspaceavailable=\dimen581

Overfull \hbox (58.71616pt too wide) in paragraph at lines 3826--3826
[]|[]|  
 []


Overfull \hbox (45.1678pt too wide) in paragraph at lines 3827--3827
[]|\zf@basefont https://web.archive.org/web/20081204223715/http://www.sil.org/s
ilesr/2000/2000- 
 []


Overfull \hbox (490.65288pt too wide) in paragraph at lines 3832--3832
[]|[]|  
 []

[122] [123] [124]
\XLingPaperspaceneeded=\dimen582
\XLingPaperspaceavailable=\dimen583
\XLingPaperspaceneeded=\dimen584
\XLingPaperspaceavailable=\dimen585
\XLingPaperspaceneeded=\dimen586
\XLingPaperspaceavailable=\dimen587

Overfull \hbox (301.19707pt too wide) in paragraph at lines 3898--3898
[]|                                                                            
                                                                               
                                                                               
                                                                               
              
 []

\XLingPaperspaceneeded=\dimen588
\XLingPaperspaceavailable=\dimen589

Overfull \hbox (532.17363pt too wide) in paragraph at lines 3967--3967
[]|                                                                            
                                                                               
                                                                               
                                                                               
                                                                               
                                           
 []


Underfull \hbox (badness 1107) in paragraph at lines 3967--3967
[]|\zf@basefont PDF and Citation management, Research note
 []


Underfull \hbox (badness 1107) in paragraph at lines 3967--3967
[]|\zf@basefont PDF and Citation management, Research note
 []

[125

]
\XLingPaperspaceneeded=\dimen590
\XLingPaperspaceavailable=\dimen591

Overfull \hbox (270.19121pt too wide) in paragraph at lines 3969--4027
[]|                                                                            
                                                                               
                                                                               
                                                                               
                                                                               
                                   
 []


Underfull \hbox (badness 10000) in paragraph at lines 4027--4027
[]|\EU1/CharisSIL(0)/bx/n/10.95 Programing
 []


Overfull \hbox (6.94395pt too wide) in paragraph at lines 4027--4027
[]|[][][]\zf@basefont https://github.com/michaeldickens/Typing[][][]| 
 []


Underfull \hbox (badness 10000) in paragraph at lines 4027--4027
[]|[][][]\zf@basefont https://github.com/patorjk/keyboard-
 []


Underfull \hbox (badness 10000) in paragraph at lines 4027--4027
[]|\zf@basefont German optimizer with
 []


Underfull \hbox (badness 10000) in paragraph at lines 4027--4027
[]|[][][]\zf@basefont http://resources.mpi-
 []


Overfull \hbox (6.46278pt too wide) in paragraph at lines 4027--4027
[]|[][][]\zf@basefont http://mkweb.bcgsc.ca/carpalx/?download[][][]| 
 []


Overfull \hbox (32.86996pt too wide) in paragraph at lines 4027--4027
[]|[][][]\zf@basefont https://github.com/mw8/white_keyboard_layout[][][]| 
 []


Underfull \hbox (badness 10000) in paragraph at lines 4027--4027
[]|[][][]\zf@basefont https://github.com/annafeit/optimizing-
 []


Overfull \hbox (40.67616pt too wide) in paragraph at lines 4027--4027
[]|[][][]\zf@basefont https://github.com/travisjayday/GeneticKeyboard[][][]| 
 []

[126]
\XLingPaperspaceneeded=\dimen592
\XLingPaperspaceavailable=\dimen593
\XLingPaperspaceneeded=\dimen594
\XLingPaperspaceavailable=\dimen595
\XLingPaperspaceneeded=\dimen596
\XLingPaperspaceavailable=\dimen597
\XLingPaperspaceneeded=\dimen598
\XLingPaperspaceavailable=\dimen599
Missing character: There is no ˆ in font aa QWERTZ-Tasten/ICU!
 [127

]
\XLingPaperspaceneeded=\dimen600
\XLingPaperspaceavailable=\dimen601
 [128] [129] [130]
\XLingPaperspaceneeded=\dimen602
\XLingPaperspaceavailable=\dimen603
 [131

] [132] [133] [134] [135] [136] [137]
[138]

Package hyperref Warning: Empty destination name,
(hyperref)                using `UNDEFINED' on input line 4353.

[139] [140] [141]
LaTeX Font Info:    Font shape `EU1/CambriaMath(0)/m/it' undefined
(Font)              using `EU1/CambriaMath(0)/m/n' instead on input line 4425.
 [142] [143] [144] [145] [146] [147]
Overfull \hbox (5.09789pt too wide) in paragraph at lines 4617--4617
[][][]\EU1/CharisSIL(0)/m/n/12 https://en.wikipedia.org/w/index.php?title=Numer
o_sign&oldid=842034015[][][] 
 []

[148]
Missing character: There is no ت in font Charis SIL/ICU!
Missing character: There is no ا in font Charis SIL/ICU!
Missing character: There is no ر in font Charis SIL/ICU!
Missing character: There is no ي in font Charis SIL/ICU!
Missing character: There is no خ in font Charis SIL/ICU!
Missing character: There is no د in font Charis SIL/ICU!
Missing character: There is no ر in font Charis SIL/ICU!
Missing character: There is no ي in font Charis SIL/ICU!
Missing character: There is no ا in font Charis SIL/ICU!
Missing character: There is no ف in font Charis SIL/ICU!
Missing character: There is no ت in font Charis SIL/ICU!
Missing character: There is no ت in font Charis SIL/ICU!
Missing character: There is no ا in font Charis SIL/ICU!
Missing character: There is no ر in font Charis SIL/ICU!
Missing character: There is no ي in font Charis SIL/ICU!
Missing character: There is no خ in font Charis SIL/ICU!
Missing character: There is no پ in font Charis SIL/ICU!
Missing character: There is no ذ in font Charis SIL/ICU!
Missing character: There is no ي in font Charis SIL/ICU!
Missing character: There is no ر in font Charis SIL/ICU!
Missing character: There is no ش in font Charis SIL/ICU!
 [149] (./Thesis-mp.aux)
LaTeX Font Info:    Some font shapes were not available, defaults substituted.
 ) 
Here is how much of TeX's memory you used:
 11202 strings out of 494665
 178438 string characters out of 3163743
 302789 words of memory out of 3000000
 14048 multiletter control sequences out of 15000+200000
 8880 words of font info for 134 fonts, out of 3000000 for 9000
 669 hyphenation exceptions out of 8191
 40i,12n,48p,10902b,749s stack positions out of 5000i,500n,10000p,200000b,50000s

Output written on Thesis-mp.pdf (167 pages).
